[debug] [2025-09-26T17:33:25.688Z] ----------------------------------------------------------------------
[debug] [2025-09-26T17:33:25.690Z] Command:       /nix/store/ixbb20farqh1f4fqbmsn6b1ixn8mc8ij-nodejs-20.18.1/bin/node /home/user/.global_modules/bin/firebase init hosting
[debug] [2025-09-26T17:33:25.691Z] CLI Version:   14.17.0
[debug] [2025-09-26T17:33:25.691Z] Platform:      linux
[debug] [2025-09-26T17:33:25.691Z] Node Version:  v20.18.1
[debug] [2025-09-26T17:33:25.691Z] Time:          Fri Sep 26 2025 17:33:25 GMT+0000 (Coordinated Universal Time)
[debug] [2025-09-26T17:33:25.692Z] ----------------------------------------------------------------------
[debug] 
[debug] [2025-09-26T17:33:25.696Z] Checked if tokens are valid: true, expires at: 1758910371650
[debug] [2025-09-26T17:33:25.697Z] Checked if tokens are valid: true, expires at: 1758910371650
[debug] [2025-09-26T17:33:25.700Z] >>> [apiv2][query] GET https://monospace-pa.googleapis.com/v1/workspaces/sangam-06416344 [none]
[debug] [2025-09-26T17:33:26.630Z] <<< [apiv2][status] GET https://monospace-pa.googleapis.com/v1/workspaces/sangam-06416344 200
[debug] [2025-09-26T17:33:26.631Z] <<< [apiv2][body] GET https://monospace-pa.googleapis.com/v1/workspaces/sangam-06416344 {"workspaceId":"sangam-06416344","name":"Sangam","workspaceRedirectUrl":"firebase-sangam-1758883597988.cluster-ikxjzjhlifcwuroomfkjrx437g.cloudworkstations.dev","status":"WORKSPACE_STATUS_RUNNING","lastAccessDatetime":"2025-09-26T10:54:21.252143Z","failureReason":"<eye3 title='/IAMPolicy.SetIamPolicy, ABORTED'/> APPLICATION_ERROR;google.iam.v1/IAMPolicy.SetIamPolicy;The operation was aborted. This is usually caused by concurrent policy changes, please review your access pattern and try again.;AppErrorCode=10;StartTimeMs=1758883601467;unknown;Deadline(sec)=30.0;ResFormat=uncompressed;ServerTimeSec=0.579864461;LogBytes=256;Non-FailFast;EndUserCredsRequested;EffSecLevel=none;ReqFormat=uncompressed;ReqID=a75dae1cfb52d3b3;GlobalID=0;Server=[2002:a05:6d00:2402:b0:1f2:ea95:3a4c]:4002","workspaceTemplate":"WORKSPACE_TEMPLATE_BLANK_WEB","owner":"SELF","serviceAccountEmail":"msp-4842152468735343568@monospace-4.iam.gserviceaccount.com","gitRepoUrl":"https://github.com/Code-Sangam/Firebase-sangam","enableNix":true,"ownerEmail":"nikhilyadavkakas55555@gmail.com","workstationAccessToken":"eyJhbGciOiJSUzI1NiIsInR5cCI6IkpXVCJ9.eyJpc3MiOiJodHRwczovL2Nsb3VkLmdvb2dsZS5jb20vd29ya3N0YXRpb25zIiwiYXVkIjoiZmlyZWJhc2Utc2FuZ2FtLTE3NTg4ODM1OTc5ODguY2x1c3Rlci1pa3hqempobGlmY3d1cm9vbWZranJ4NDM3Zy5jbG91ZHdvcmtzdGF0aW9ucy5kZXYiLCJpYXQiOjE3NTg5MDgwMDYsImV4cCI6MTc1ODk5NDQwNn0.zVX_3JDQIfALuHecgWowdKUPrz-EEqPnfhLc6sKemwMW_XVMJMwZ1dWGrp-PIXyCbtbWFPVr3eFh8JplDilzCQs9_2NdVTZ9IRUnf5xOu0DaVwEBZ_58a71CAK_02gMFBIp06lTf07rUlZMlDn34CEXtLDCjwQovn70e7sHsKaCtW54w0zlow98EuzFCB1Ush7bRxaoPiIDg71HvTf-m46gZs7p2PJTyK8-uYbKc8vh3nZvafhw9MdT_G0CRnyNV4N6yA3PDjmCP3-Ea8PaFKALnvbs3qERByvifwXr7UMq2hisy2w_UW6w1Ga6XUdiQ5_v5CbpmDDoKKsHgARn9Qg"}
[info] Updating Studio Workspace active project to match Firebase CLI 'sangam-6704'
[debug] [2025-09-26T17:33:26.632Z] Checked if tokens are valid: true, expires at: 1758910371650
[debug] [2025-09-26T17:33:26.632Z] Checked if tokens are valid: true, expires at: 1758910371650
[debug] [2025-09-26T17:33:26.633Z] >>> [apiv2][query] PATCH https://monospace-pa.googleapis.com/v1/workspaces/sangam-06416344 updateMask=workspace.firebaseProjectId
[debug] [2025-09-26T17:33:26.633Z] >>> [apiv2][body] PATCH https://monospace-pa.googleapis.com/v1/workspaces/sangam-06416344 {"firebaseProjectId":"sangam-6704"}
[debug] [2025-09-26T17:33:27.906Z] <<< [apiv2][status] PATCH https://monospace-pa.googleapis.com/v1/workspaces/sangam-06416344 200
[debug] [2025-09-26T17:33:27.906Z] <<< [apiv2][body] PATCH https://monospace-pa.googleapis.com/v1/workspaces/sangam-06416344 {"workspaceId":"sangam-06416344","name":"Sangam","workspaceRedirectUrl":"firebase-sangam-1758883597988.cluster-ikxjzjhlifcwuroomfkjrx437g.cloudworkstations.dev","status":"WORKSPACE_STATUS_RUNNING","lastAccessDatetime":"2025-09-26T10:54:21.252143Z","failureReason":"<eye3 title='/IAMPolicy.SetIamPolicy, ABORTED'/> APPLICATION_ERROR;google.iam.v1/IAMPolicy.SetIamPolicy;The operation was aborted. This is usually caused by concurrent policy changes, please review your access pattern and try again.;AppErrorCode=10;StartTimeMs=1758883601467;unknown;Deadline(sec)=30.0;ResFormat=uncompressed;ServerTimeSec=0.579864461;LogBytes=256;Non-FailFast;EndUserCredsRequested;EffSecLevel=none;ReqFormat=uncompressed;ReqID=a75dae1cfb52d3b3;GlobalID=0;Server=[2002:a05:6d00:2402:b0:1f2:ea95:3a4c]:4002","workspaceTemplate":"WORKSPACE_TEMPLATE_BLANK_WEB","serviceAccountEmail":"msp-4842152468735343568@monospace-4.iam.gserviceaccount.com","gitRepoUrl":"https://github.com/Code-Sangam/Firebase-sangam","enableNix":true,"firebaseProjectId":"sangam-6704"}
[debug] [2025-09-26T17:33:27.916Z] > command requires scopes: ["email","openid","https://www.googleapis.com/auth/cloudplatformprojects.readonly","https://www.googleapis.com/auth/firebase","https://www.googleapis.com/auth/cloud-platform","https://www.googleapis.com/auth/userinfo.email"]
[debug] [2025-09-26T17:33:27.917Z] > authorizing via signed-in user (nikhilyadavkakas55555@gmail.com)
[info] 
     ######## #### ########  ######## ########     ###     ######  ########
     ##        ##  ##     ## ##       ##     ##  ##   ##  ##       ##
     ######    ##  ########  ######   ########  #########  ######  ######
     ##        ##  ##    ##  ##       ##     ## ##     ##       ## ##
     ##       #### ##     ## ######## ########  ##     ##  ######  ########

You're about to initialize a Firebase project in this directory:

  /home/user/Firebase-sangam

[info] 
=== Project Setup
[info] 
[info] First, let's associate this project directory with a Firebase project.
[info] You can create multiple project aliases by running firebase use --add, 
[info] but for now we'll just set up a default project.
[info] 
[debug] [2025-09-26T17:33:27.921Z] Using project from CLI flag: sangam-6704
[debug] [2025-09-26T17:33:27.921Z] Checked if tokens are valid: true, expires at: 1758910371650
[debug] [2025-09-26T17:33:27.921Z] Checked if tokens are valid: true, expires at: 1758910371650
[debug] [2025-09-26T17:33:27.922Z] >>> [apiv2][query] GET https://firebase.googleapis.com/v1beta1/projects/sangam-6704 [none]
[debug] [2025-09-26T17:33:28.210Z] <<< [apiv2][status] GET https://firebase.googleapis.com/v1beta1/projects/sangam-6704 200
[debug] [2025-09-26T17:33:28.210Z] <<< [apiv2][body] GET https://firebase.googleapis.com/v1beta1/projects/sangam-6704 {"projectId":"sangam-6704","projectNumber":"596522565839","displayName":"Sangam","name":"projects/sangam-6704","resources":{"hostingSite":"sangam-6704"},"state":"ACTIVE","etag":"1_c077f4ce-2567-4369-8d9f-f6a960ed8935"}
[info] i  Using project sangam-6704 (Sangam) 
[info] 
=== Hosting Setup
[debug] [2025-09-26T17:33:28.246Z] Checked if tokens are valid: true, expires at: 1758910371650
[debug] [2025-09-26T17:33:28.246Z] Checked if tokens are valid: true, expires at: 1758910371650
[debug] [2025-09-26T17:33:28.246Z] >>> [apiv2][query] GET https://firebase.googleapis.com/v1beta1/projects/sangam-6704 [none]
[debug] [2025-09-26T17:33:28.483Z] <<< [apiv2][status] GET https://firebase.googleapis.com/v1beta1/projects/sangam-6704 200
[debug] [2025-09-26T17:33:28.484Z] <<< [apiv2][body] GET https://firebase.googleapis.com/v1beta1/projects/sangam-6704 {"projectId":"sangam-6704","projectNumber":"596522565839","displayName":"Sangam","name":"projects/sangam-6704","resources":{"hostingSite":"sangam-6704"},"state":"ACTIVE","etag":"1_c077f4ce-2567-4369-8d9f-f6a960ed8935"}
[info] 
[info] Your public directory is the folder (relative to your project directory) that
[info] will contain Hosting assets to be uploaded with firebase deploy. If you
[info] have a build process for your assets, use your build's output directory.
[info] 
[info] i  y/404.html is unchanged 
[debug] [2025-09-26T17:34:02.443Z] >>> [apiv2][query] GET https://www.gstatic.com/firebasejs/releases.json [none]
[debug] [2025-09-26T17:34:02.469Z] <<< [apiv2][status] GET https://www.gstatic.com/firebasejs/releases.json 200
[debug] [2025-09-26T17:34:02.470Z] <<< [apiv2][body] GET https://www.gstatic.com/firebasejs/releases.json {"current":{"version":"12.3.0","browserURL":"https://www.gstatic.com/firebasejs/12.3.0/firebase.js","packageURL":"https://www.gstatic.com/firebasejs/12.3.0/firebase.tgz"},"live":{"version":"12.3","browserURL":"https://www.gstatic.com/firebasejs/live/12.3/firebase.js","packageURL":"https://www.gstatic.com/firebasejs/live/12.3/firebase.tgz"},"components":{"ai":"https://www.gstatic.com/firebasejs/12.3.0/firebase-ai.js","analytics":"https://www.gstatic.com/firebasejs/12.3.0/firebase-analytics.js","app":"https://www.gstatic.com/firebasejs/12.3.0/firebase-app.js","app-check":"https://www.gstatic.com/firebasejs/12.3.0/firebase-app-check.js","auth":"https://www.gstatic.com/firebasejs/12.3.0/firebase-auth.js","auth/cordova":"https://www.gstatic.com/firebasejs/12.3.0/firebase-auth/cordova.js","auth/web-extension":"https://www.gstatic.com/firebasejs/12.3.0/firebase-auth/web-extension.js","functions":"https://www.gstatic.com/firebasejs/12.3.0/firebase-functions.js","firestore":"https://www.gstatic.com/firebasejs/12.3.0/firebase-firestore.js","firestore/lite":"https://www.gstatic.com/firebasejs/12.3.0/firebase-firestore/lite.js","installations":"https://www.gstatic.com/firebasejs/12.3.0/firebase-installations.js","storage":"https://www.gstatic.com/firebasejs/12.3.0/firebase-storage.js","performance":"https://www.gstatic.com/firebasejs/12.3.0/firebase-performance.js","remote-config":"https://www.gstatic.com/firebasejs/12.3.0/firebase-remote-config.js","messaging":"https://www.gstatic.com/firebasejs/12.3.0/firebase-messaging.js","messaging/sw":"https://www.gstatic.com/firebasejs/12.3.0/firebase-messaging/sw.js","database":"https://www.gstatic.com/firebasejs/12.3.0/firebase-database.js","data-connect":"https://www.gstatic.com/firebasejs/12.3.0/firebase-data-connect.js","firestore.memory":"https://www.gstatic.com/firebasejs/12.3.0/firebase-firestore.memory.js"}}
[info] i  y/index.html is unchanged 
[info] 
[info] i  Detected a .git folder at /home/user/Firebase-sangam 
[info] i  Authorizing with GitHub to upload your service account to a GitHub repository's secrets store. 
[info] 
[info] Visit this URL on this device to log in:
[info] https://github.com/login/oauth/authorize?client_id=89cf50f02ac6aaed3484&state=694091689&redirect_uri=http%3A%2F%2Flocalhost%3A9005&scope=read%3Auser%20repo%20public_repo
[info] 
[info] Waiting for authentication...
